#
# There is insufficient memory for the Java Runtime Environment to continue.
# Native memory allocation (malloc) failed to allocate 639952 bytes. Error detail: Chunk::new
# Possible reasons:
#   The system is out of physical RAM or swap space
#   This process is running with CompressedOops enabled, and the Java Heap may be blocking the growth of the native heap
# Possible solutions:
#   Reduce memory load on the system
#   Increase physical memory or swap space
#   Check if swap backing store is full
#   Decrease Java heap size (-Xmx/-Xms)
#   Decrease number of Java threads
#   Decrease Java thread stack sizes (-Xss)
#   Set larger code cache with -XX:ReservedCodeCacheSize=
#   JVM is running with Unscaled Compressed Oops mode in which the Java heap is
#     placed in the first 4GB address space. The Java Heap base address is the
#     maximum limit for the native heap growth. Please use -XX:HeapBaseMinAddress
#     to set the Java Heap base and to place the Java Heap above 4GB virtual address.
# This output file may be truncated or incomplete.
#
#  Out of Memory Error (arena.cpp:149), pid=4420, tid=15524
#
# JRE version: OpenJDK Runtime Environment (23.0.1+11) (build 23.0.1+11-39)
# Java VM: OpenJDK 64-Bit Server VM (23.0.1+11-39, mixed mode, sharing, tiered, compressed oops, compressed class ptrs, g1 gc, windows-amd64)
# No core dump will be written. Minidumps are not enabled by default on client versions of Windows
#

---------------  S U M M A R Y ------------

Command Line: -javaagent:C:\Program Files\JetBrains\IntelliJ IDEA Community Edition 2024.1.4\lib\idea_rt.jar=53472:C:\Program Files\JetBrains\IntelliJ IDEA Community Edition 2024.1.4\bin -Dfile.encoding=UTF-8 -Dsun.stdout.encoding=UTF-8 -Dsun.stderr.encoding=UTF-8 cat.itacademy.s04.t01.n01.S04T01N01Application

Host: Intel(R) Core(TM) i7-8550U CPU @ 1.80GHz, 8 cores, 7G,  Windows 10 , 64 bit Build 19041 (10.0.19041.5072)
Time: Thu Dec  5 11:22:36 2024 Hora estándar romance elapsed time: 2.240058 seconds (0d 0h 0m 2s)

---------------  T H R E A D  ---------------

Current thread (0x000002c7feca4a90):  JavaThread "C2 CompilerThread0" daemon [_thread_in_native, id=15524, stack(0x000000d5cf700000,0x000000d5cf800000) (1024K)]


Current CompileTask:
C2:2240  900       4       java.util.jar.JarFile::getEntry (35 bytes)

Stack: [0x000000d5cf700000,0x000000d5cf800000]
Native frames: (J=compiled Java code, j=interpreted, Vv=VM code, C=native code)
V  [jvm.dll+0x6e08b9]  (no source info available)
V  [jvm.dll+0x87dc83]  (no source info available)
V  [jvm.dll+0x88010e]  (no source info available)
V  [jvm.dll+0x8807e3]  (no source info available)
V  [jvm.dll+0x27aee6]  (no source info available)
V  [jvm.dll+0xbc06f]  (no source info available)
V  [jvm.dll+0xbc2cb]  (no source info available)
V  [jvm.dll+0x3b3a9c]  (no source info available)
V  [jvm.dll+0x38a42b]  (no source info available)
V  [jvm.dll+0x38989a]  (no source info available)
V  [jvm.dll+0x244aa1]  (no source info available)
V  [jvm.dll+0x243dff]  (no source info available)
V  [jvm.dll+0x1c33a0]  (no source info available)
V  [jvm.dll+0x253cf1]  (no source info available)
V  [jvm.dll+0x251faa]  (no source info available)
V  [jvm.dll+0x3ee036]  (no source info available)
V  [jvm.dll+0x824f8b]  (no source info available)
V  [jvm.dll+0x6df065]  (no source info available)
C  [ucrtbase.dll+0x21bb2]  (no source info available)
C  [KERNEL32.DLL+0x17374]  (no source info available)
C  [ntdll.dll+0x4cc91]  (no source info available)

Lock stack of current Java thread (top to bottom):


---------------  P R O C E S S  ---------------

Threads class SMR info:
_java_thread_list=0x000002c7d87d4210, length=13, elements={
0x000002c7f2c55ec0, 0x000002c7fec9ab10, 0x000002c7fec9dbf0, 0x000002c7feca1a80,
0x000002c7feca2690, 0x000002c7feca30f0, 0x000002c7feca3b50, 0x000002c7feca4a90,
0x000002c7feca56f0, 0x000002c7fec6bfc0, 0x000002c7d83deca0, 0x000002c7d83df310,
0x000002c7d888d580
}

Java Threads: ( => current thread )
  0x000002c7f2c55ec0 JavaThread "main"                              [_thread_in_Java, id=26992, stack(0x000000d5ce900000,0x000000d5cea00000) (1024K)]
  0x000002c7fec9ab10 JavaThread "Reference Handler"          daemon [_thread_blocked, id=16584, stack(0x000000d5cf100000,0x000000d5cf200000) (1024K)]
  0x000002c7fec9dbf0 JavaThread "Finalizer"                  daemon [_thread_blocked, id=23048, stack(0x000000d5cf200000,0x000000d5cf300000) (1024K)]
  0x000002c7feca1a80 JavaThread "Signal Dispatcher"          daemon [_thread_blocked, id=27328, stack(0x000000d5cf300000,0x000000d5cf400000) (1024K)]
  0x000002c7feca2690 JavaThread "Attach Listener"            daemon [_thread_blocked, id=29568, stack(0x000000d5cf400000,0x000000d5cf500000) (1024K)]
  0x000002c7feca30f0 JavaThread "Service Thread"             daemon [_thread_blocked, id=6416, stack(0x000000d5cf500000,0x000000d5cf600000) (1024K)]
  0x000002c7feca3b50 JavaThread "Monitor Deflation Thread"   daemon [_thread_blocked, id=1356, stack(0x000000d5cf600000,0x000000d5cf700000) (1024K)]
=>0x000002c7feca4a90 JavaThread "C2 CompilerThread0"         daemon [_thread_in_native, id=15524, stack(0x000000d5cf700000,0x000000d5cf800000) (1024K)]
  0x000002c7feca56f0 JavaThread "C1 CompilerThread0"         daemon [_thread_blocked, id=14204, stack(0x000000d5cf800000,0x000000d5cf900000) (1024K)]
  0x000002c7fec6bfc0 JavaThread "Common-Cleaner"             daemon [_thread_blocked, id=25048, stack(0x000000d5cf900000,0x000000d5cfa00000) (1024K)]
  0x000002c7d83deca0 JavaThread "Monitor Ctrl-Break"         daemon [_thread_in_native, id=5972, stack(0x000000d5cfa00000,0x000000d5cfb00000) (1024K)]
  0x000002c7d83df310 JavaThread "Notification Thread"        daemon [_thread_blocked, id=3024, stack(0x000000d5cfb00000,0x000000d5cfc00000) (1024K)]
  0x000002c7d888d580 JavaThread "C2 CompilerThread1"         daemon [_thread_in_native, id=26408, stack(0x000000d5cfc00000,0x000000d5cfd00000) (1024K)]
Total: 13

Other Threads:
  0x000002c7fec7b1b0 VMThread "VM Thread"                           [id=16576, stack(0x000000d5cf000000,0x000000d5cf100000) (1024K)]
  0x000002c7fec6b4c0 WatcherThread "VM Periodic Task Thread"        [id=6244, stack(0x000000d5cef00000,0x000000d5cf000000) (1024K)]
  0x000002c7f4eee560 WorkerThread "GC Thread#0"                     [id=26048, stack(0x000000d5cea00000,0x000000d5ceb00000) (1024K)]
  0x000002c7f4f03ee0 ConcurrentGCThread "G1 Main Marker"            [id=21400, stack(0x000000d5ceb00000,0x000000d5cec00000) (1024K)]
  0x000002c7f4f04900 WorkerThread "G1 Conc#0"                       [id=27668, stack(0x000000d5cec00000,0x000000d5ced00000) (1024K)]
  0x000002c7feb3d530 ConcurrentGCThread "G1 Refine#0"               [id=20716, stack(0x000000d5ced00000,0x000000d5cee00000) (1024K)]
  0x000002c7feb3ffd0 ConcurrentGCThread "G1 Service"                [id=28220, stack(0x000000d5cee00000,0x000000d5cef00000) (1024K)]
Total: 7

Threads with active compile tasks:
C2 CompilerThread0  2440  900       4       java.util.jar.JarFile::getEntry (35 bytes)
C2 CompilerThread1  2440 1057   !   4       jdk.internal.loader.URLClassPath$JarLoader::getResource (40 bytes)
Total: 2

VM state: not at safepoint (normal execution)

VM Mutex/Monitor currently owned by a thread: None

Heap address: 0x0000000082600000, size: 2010 MB, Compressed Oops mode: 32-bit

CDS archive(s) mapped at: [0x000002c793000000-0x000002c793d70000-0x000002c793d70000), size 14090240, SharedBaseAddress: 0x000002c793000000, ArchiveRelocationMode: 1.
Compressed class space mapped at: 0x000002c794000000-0x000002c7d4000000, reserved size: 1073741824
Narrow klass base: 0x000002c793000000, Narrow klass shift: 0, Narrow klass range: 0x41000000

GC Precious Log:
 CardTable entry size: 512
 Card Set container configuration: InlinePtr #cards 5 size 8 Array Of Cards #cards 10 size 36 Howl #buckets 4 coarsen threshold 1843 Howl Bitmap #cards 512 size 80 coarsen threshold 460 Card regions per heap region 1 cards per card region 2048
 CPUs: 8 total, 8 available
 Memory: 8033M
 Large Page Support: Disabled
 NUMA Support: Disabled
 Compressed Oops: Enabled (32-bit)
 Heap Region Size: 1M
 Heap Min Capacity: 8M
 Heap Initial Capacity: 126M
 Heap Max Capacity: 2010M
 Pre-touch: Disabled
 Parallel Workers: 8
 Concurrent Workers: 2
 Concurrent Refinement Workers: 8
 Periodic GC: Disabled

Heap:
 garbage-first heap   total reserved 2058240K, committed 129024K, used 12288K [0x0000000082600000, 0x0000000100000000)
  region size 1024K, 14 young (14336K), 0 survivors (0K)
 Metaspace       used 4611K, committed 4864K, reserved 1114112K
  class space    used 511K, committed 640K, reserved 1048576K

Heap Regions: E=young(eden), S=young(survivor), O=old, HS=humongous(starts), HC=humongous(continues), CS=collection set, F=free, TAMS=top-at-mark-start, PB=parsable bottom
|   0|0x0000000082600000, 0x0000000082600000, 0x0000000082700000|  0%| F|  |TAMS 0x0000000082600000| PB 0x0000000082600000| Untracked |  0
|   1|0x0000000082700000, 0x0000000082700000, 0x0000000082800000|  0%| F|  |TAMS 0x0000000082700000| PB 0x0000000082700000| Untracked |  0
|   2|0x0000000082800000, 0x0000000082800000, 0x0000000082900000|  0%| F|  |TAMS 0x0000000082800000| PB 0x0000000082800000| Untracked |  0
|   3|0x0000000082900000, 0x0000000082900000, 0x0000000082a00000|  0%| F|  |TAMS 0x0000000082900000| PB 0x0000000082900000| Untracked |  0
|   4|0x0000000082a00000, 0x0000000082a00000, 0x0000000082b00000|  0%| F|  |TAMS 0x0000000082a00000| PB 0x0000000082a00000| Untracked |  0
|   5|0x0000000082b00000, 0x0000000082b00000, 0x0000000082c00000|  0%| F|  |TAMS 0x0000000082b00000| PB 0x0000000082b00000| Untracked |  0
|   6|0x0000000082c00000, 0x0000000082c00000, 0x0000000082d00000|  0%| F|  |TAMS 0x0000000082c00000| PB 0x0000000082c00000| Untracked |  0
|   7|0x0000000082d00000, 0x0000000082d00000, 0x0000000082e00000|  0%| F|  |TAMS 0x0000000082d00000| PB 0x0000000082d00000| Untracked |  0
|   8|0x0000000082e00000, 0x0000000082e00000, 0x0000000082f00000|  0%| F|  |TAMS 0x0000000082e00000| PB 0x0000000082e00000| Untracked |  0
|   9|0x0000000082f00000, 0x0000000082f00000, 0x0000000083000000|  0%| F|  |TAMS 0x0000000082f00000| PB 0x0000000082f00000| Untracked |  0
|  10|0x0000000083000000, 0x0000000083000000, 0x0000000083100000|  0%| F|  |TAMS 0x0000000083000000| PB 0x0000000083000000| Untracked |  0
|  11|0x0000000083100000, 0x0000000083100000, 0x0000000083200000|  0%| F|  |TAMS 0x0000000083100000| PB 0x0000000083100000| Untracked |  0
|  12|0x0000000083200000, 0x0000000083200000, 0x0000000083300000|  0%| F|  |TAMS 0x0000000083200000| PB 0x0000000083200000| Untracked |  0
|  13|0x0000000083300000, 0x0000000083300000, 0x0000000083400000|  0%| F|  |TAMS 0x0000000083300000| PB 0x0000000083300000| Untracked |  0
|  14|0x0000000083400000, 0x0000000083400000, 0x0000000083500000|  0%| F|  |TAMS 0x0000000083400000| PB 0x0000000083400000| Untracked |  0
|  15|0x0000000083500000, 0x0000000083500000, 0x0000000083600000|  0%| F|  |TAMS 0x0000000083500000| PB 0x0000000083500000| Untracked |  0
|  16|0x0000000083600000, 0x0000000083600000, 0x0000000083700000|  0%| F|  |TAMS 0x0000000083600000| PB 0x0000000083600000| Untracked |  0
|  17|0x0000000083700000, 0x0000000083700000, 0x0000000083800000|  0%| F|  |TAMS 0x0000000083700000| PB 0x0000000083700000| Untracked |  0
|  18|0x0000000083800000, 0x0000000083800000, 0x0000000083900000|  0%| F|  |TAMS 0x0000000083800000| PB 0x0000000083800000| Untracked |  0
|  19|0x0000000083900000, 0x0000000083900000, 0x0000000083a00000|  0%| F|  |TAMS 0x0000000083900000| PB 0x0000000083900000| Untracked |  0
|  20|0x0000000083a00000, 0x0000000083a00000, 0x0000000083b00000|  0%| F|  |TAMS 0x0000000083a00000| PB 0x0000000083a00000| Untracked |  0
|  21|0x0000000083b00000, 0x0000000083b00000, 0x0000000083c00000|  0%| F|  |TAMS 0x0000000083b00000| PB 0x0000000083b00000| Untracked |  0
|  22|0x0000000083c00000, 0x0000000083c00000, 0x0000000083d00000|  0%| F|  |TAMS 0x0000000083c00000| PB 0x0000000083c00000| Untracked |  0
|  23|0x0000000083d00000, 0x0000000083d00000, 0x0000000083e00000|  0%| F|  |TAMS 0x0000000083d00000| PB 0x0000000083d00000| Untracked |  0
|  24|0x0000000083e00000, 0x0000000083e00000, 0x0000000083f00000|  0%| F|  |TAMS 0x0000000083e00000| PB 0x0000000083e00000| Untracked |  0
|  25|0x0000000083f00000, 0x0000000083f00000, 0x0000000084000000|  0%| F|  |TAMS 0x0000000083f00000| PB 0x0000000083f00000| Untracked |  0
|  26|0x0000000084000000, 0x0000000084000000, 0x0000000084100000|  0%| F|  |TAMS 0x0000000084000000| PB 0x0000000084000000| Untracked |  0
|  27|0x0000000084100000, 0x0000000084100000, 0x0000000084200000|  0%| F|  |TAMS 0x0000000084100000| PB 0x0000000084100000| Untracked |  0
|  28|0x0000000084200000, 0x0000000084200000, 0x0000000084300000|  0%| F|  |TAMS 0x0000000084200000| PB 0x0000000084200000| Untracked |  0
|  29|0x0000000084300000, 0x0000000084300000, 0x0000000084400000|  0%| F|  |TAMS 0x0000000084300000| PB 0x0000000084300000| Untracked |  0
|  30|0x0000000084400000, 0x0000000084400000, 0x0000000084500000|  0%| F|  |TAMS 0x0000000084400000| PB 0x0000000084400000| Untracked |  0
|  31|0x0000000084500000, 0x0000000084500000, 0x0000000084600000|  0%| F|  |TAMS 0x0000000084500000| PB 0x0000000084500000| Untracked |  0
|  32|0x0000000084600000, 0x0000000084600000, 0x0000000084700000|  0%| F|  |TAMS 0x0000000084600000| PB 0x0000000084600000| Untracked |  0
|  33|0x0000000084700000, 0x0000000084700000, 0x0000000084800000|  0%| F|  |TAMS 0x0000000084700000| PB 0x0000000084700000| Untracked |  0
|  34|0x0000000084800000, 0x0000000084800000, 0x0000000084900000|  0%| F|  |TAMS 0x0000000084800000| PB 0x0000000084800000| Untracked |  0
|  35|0x0000000084900000, 0x0000000084900000, 0x0000000084a00000|  0%| F|  |TAMS 0x0000000084900000| PB 0x0000000084900000| Untracked |  0
|  36|0x0000000084a00000, 0x0000000084a00000, 0x0000000084b00000|  0%| F|  |TAMS 0x0000000084a00000| PB 0x0000000084a00000| Untracked |  0
|  37|0x0000000084b00000, 0x0000000084b00000, 0x0000000084c00000|  0%| F|  |TAMS 0x0000000084b00000| PB 0x0000000084b00000| Untracked |  0
|  38|0x0000000084c00000, 0x0000000084c00000, 0x0000000084d00000|  0%| F|  |TAMS 0x0000000084c00000| PB 0x0000000084c00000| Untracked |  0
|  39|0x0000000084d00000, 0x0000000084d00000, 0x0000000084e00000|  0%| F|  |TAMS 0x0000000084d00000| PB 0x0000000084d00000| Untracked |  0
|  40|0x0000000084e00000, 0x0000000084e00000, 0x0000000084f00000|  0%| F|  |TAMS 0x0000000084e00000| PB 0x0000000084e00000| Untracked |  0
|  41|0x0000000084f00000, 0x0000000084f00000, 0x0000000085000000|  0%| F|  |TAMS 0x0000000084f00000| PB 0x0000000084f00000| Untracked |  0
|  42|0x0000000085000000, 0x0000000085000000, 0x0000000085100000|  0%| F|  |TAMS 0x0000000085000000| PB 0x0000000085000000| Untracked |  0
|  43|0x0000000085100000, 0x0000000085100000, 0x0000000085200000|  0%| F|  |TAMS 0x0000000085100000| PB 0x0000000085100000| Untracked |  0
|  44|0x0000000085200000, 0x0000000085200000, 0x0000000085300000|  0%| F|  |TAMS 0x0000000085200000| PB 0x0000000085200000| Untracked |  0
|  45|0x0000000085300000, 0x0000000085300000, 0x0000000085400000|  0%| F|  |TAMS 0x0000000085300000| PB 0x0000000085300000| Untracked |  0
|  46|0x0000000085400000, 0x0000000085400000, 0x0000000085500000|  0%| F|  |TAMS 0x0000000085400000| PB 0x0000000085400000| Untracked |  0
|  47|0x0000000085500000, 0x0000000085500000, 0x0000000085600000|  0%| F|  |TAMS 0x0000000085500000| PB 0x0000000085500000| Untracked |  0
|  48|0x0000000085600000, 0x0000000085600000, 0x0000000085700000|  0%| F|  |TAMS 0x0000000085600000| PB 0x0000000085600000| Untracked |  0
|  49|0x0000000085700000, 0x0000000085700000, 0x0000000085800000|  0%| F|  |TAMS 0x0000000085700000| PB 0x0000000085700000| Untracked |  0
|  50|0x0000000085800000, 0x0000000085800000, 0x0000000085900000|  0%| F|  |TAMS 0x0000000085800000| PB 0x0000000085800000| Untracked |  0
|  51|0x0000000085900000, 0x0000000085900000, 0x0000000085a00000|  0%| F|  |TAMS 0x0000000085900000| PB 0x0000000085900000| Untracked |  0
|  52|0x0000000085a00000, 0x0000000085a00000, 0x0000000085b00000|  0%| F|  |TAMS 0x0000000085a00000| PB 0x0000000085a00000| Untracked |  0
|  53|0x0000000085b00000, 0x0000000085b00000, 0x0000000085c00000|  0%| F|  |TAMS 0x0000000085b00000| PB 0x0000000085b00000| Untracked |  0
|  54|0x0000000085c00000, 0x0000000085c00000, 0x0000000085d00000|  0%| F|  |TAMS 0x0000000085c00000| PB 0x0000000085c00000| Untracked |  0
|  55|0x0000000085d00000, 0x0000000085d00000, 0x0000000085e00000|  0%| F|  |TAMS 0x0000000085d00000| PB 0x0000000085d00000| Untracked |  0
|  56|0x0000000085e00000, 0x0000000085e00000, 0x0000000085f00000|  0%| F|  |TAMS 0x0000000085e00000| PB 0x0000000085e00000| Untracked |  0
|  57|0x0000000085f00000, 0x0000000085f00000, 0x0000000086000000|  0%| F|  |TAMS 0x0000000085f00000| PB 0x0000000085f00000| Untracked |  0
|  58|0x0000000086000000, 0x0000000086000000, 0x0000000086100000|  0%| F|  |TAMS 0x0000000086000000| PB 0x0000000086000000| Untracked |  0
|  59|0x0000000086100000, 0x0000000086100000, 0x0000000086200000|  0%| F|  |TAMS 0x0000000086100000| PB 0x0000000086100000| Untracked |  0
|  60|0x0000000086200000, 0x0000000086200000, 0x0000000086300000|  0%| F|  |TAMS 0x0000000086200000| PB 0x0000000086200000| Untracked |  0
|  61|0x0000000086300000, 0x0000000086300000, 0x0000000086400000|  0%| F|  |TAMS 0x0000000086300000| PB 0x0000000086300000| Untracked |  0
|  62|0x0000000086400000, 0x0000000086400000, 0x0000000086500000|  0%| F|  |TAMS 0x0000000086400000| PB 0x0000000086400000| Untracked |  0
|  63|0x0000000086500000, 0x0000000086500000, 0x0000000086600000|  0%| F|  |TAMS 0x0000000086500000| PB 0x0000000086500000| Untracked |  0
|  64|0x0000000086600000, 0x0000000086600000, 0x0000000086700000|  0%| F|  |TAMS 0x0000000086600000| PB 0x0000000086600000| Untracked |  0
|  65|0x0000000086700000, 0x0000000086700000, 0x0000000086800000|  0%| F|  |TAMS 0x0000000086700000| PB 0x0000000086700000| Untracked |  0
|  66|0x0000000086800000, 0x0000000086800000, 0x0000000086900000|  0%| F|  |TAMS 0x0000000086800000| PB 0x0000000086800000| Untracked |  0
|  67|0x0000000086900000, 0x0000000086900000, 0x0000000086a00000|  0%| F|  |TAMS 0x0000000086900000| PB 0x0000000086900000| Untracked |  0
|  68|0x0000000086a00000, 0x0000000086a00000, 0x0000000086b00000|  0%| F|  |TAMS 0x0000000086a00000| PB 0x0000000086a00000| Untracked |  0
|  69|0x0000000086b00000, 0x0000000086b00000, 0x0000000086c00000|  0%| F|  |TAMS 0x0000000086b00000| PB 0x0000000086b00000| Untracked |  0
|  70|0x0000000086c00000, 0x0000000086c00000, 0x0000000086d00000|  0%| F|  |TAMS 0x0000000086c00000| PB 0x0000000086c00000| Untracked |  0
|  71|0x0000000086d00000, 0x0000000086d00000, 0x0000000086e00000|  0%| F|  |TAMS 0x0000000086d00000| PB 0x0000000086d00000| Untracked |  0
|  72|0x0000000086e00000, 0x0000000086e00000, 0x0000000086f00000|  0%| F|  |TAMS 0x0000000086e00000| PB 0x0000000086e00000| Untracked |  0
|  73|0x0000000086f00000, 0x0000000086f00000, 0x0000000087000000|  0%| F|  |TAMS 0x0000000086f00000| PB 0x0000000086f00000| Untracked |  0
|  74|0x0000000087000000, 0x0000000087000000, 0x0000000087100000|  0%| F|  |TAMS 0x0000000087000000| PB 0x0000000087000000| Untracked |  0
|  75|0x0000000087100000, 0x0000000087100000, 0x0000000087200000|  0%| F|  |TAMS 0x0000000087100000| PB 0x0000000087100000| Untracked |  0
|  76|0x0000000087200000, 0x0000000087200000, 0x0000000087300000|  0%| F|  |TAMS 0x0000000087200000| PB 0x0000000087200000| Untracked |  0
|  77|0x0000000087300000, 0x0000000087300000, 0x0000000087400000|  0%| F|  |TAMS 0x0000000087300000| PB 0x0000000087300000| Untracked |  0
|  78|0x0000000087400000, 0x0000000087400000, 0x0000000087500000|  0%| F|  |TAMS 0x0000000087400000| PB 0x0000000087400000| Untracked |  0
|  79|0x0000000087500000, 0x0000000087500000, 0x0000000087600000|  0%| F|  |TAMS 0x0000000087500000| PB 0x0000000087500000| Untracked |  0
|  80|0x0000000087600000, 0x0000000087600000, 0x0000000087700000|  0%| F|  |TAMS 0x0000000087600000| PB 0x0000000087600000| Untracked |  0
|  81|0x0000000087700000, 0x0000000087700000, 0x0000000087800000|  0%| F|  |TAMS 0x0000000087700000| PB 0x0000000087700000| Untracked |  0
|  82|0x0000000087800000, 0x0000000087800000, 0x0000000087900000|  0%| F|  |TAMS 0x0000000087800000| PB 0x0000000087800000| Untracked |  0
|  83|0x0000000087900000, 0x0000000087900000, 0x0000000087a00000|  0%| F|  |TAMS 0x0000000087900000| PB 0x0000000087900000| Untracked |  0
|  84|0x0000000087a00000, 0x0000000087a00000, 0x0000000087b00000|  0%| F|  |TAMS 0x0000000087a00000| PB 0x0000000087a00000| Untracked |  0
|  85|0x0000000087b00000, 0x0000000087b00000, 0x0000000087c00000|  0%| F|  |TAMS 0x0000000087b00000| PB 0x0000000087b00000| Untracked |  0
|  86|0x0000000087c00000, 0x0000000087c00000, 0x0000000087d00000|  0%| F|  |TAMS 0x0000000087c00000| PB 0x0000000087c00000| Untracked |  0
|  87|0x0000000087d00000, 0x0000000087d00000, 0x0000000087e00000|  0%| F|  |TAMS 0x0000000087d00000| PB 0x0000000087d00000| Untracked |  0
|  88|0x0000000087e00000, 0x0000000087e00000, 0x0000000087f00000|  0%| F|  |TAMS 0x0000000087e00000| PB 0x0000000087e00000| Untracked |  0
|  89|0x0000000087f00000, 0x0000000087f00000, 0x0000000088000000|  0%| F|  |TAMS 0x0000000087f00000| PB 0x0000000087f00000| Untracked |  0
|  90|0x0000000088000000, 0x0000000088000000, 0x0000000088100000|  0%| F|  |TAMS 0x0000000088000000| PB 0x0000000088000000| Untracked |  0
|  91|0x0000000088100000, 0x0000000088100000, 0x0000000088200000|  0%| F|  |TAMS 0x0000000088100000| PB 0x0000000088100000| Untracked |  0
|  92|0x0000000088200000, 0x0000000088200000, 0x0000000088300000|  0%| F|  |TAMS 0x0000000088200000| PB 0x0000000088200000| Untracked |  0
|  93|0x0000000088300000, 0x0000000088300000, 0x0000000088400000|  0%| F|  |TAMS 0x0000000088300000| PB 0x0000000088300000| Untracked |  0
|  94|0x0000000088400000, 0x0000000088400000, 0x0000000088500000|  0%| F|  |TAMS 0x0000000088400000| PB 0x0000000088400000| Untracked |  0
|  95|0x0000000088500000, 0x0000000088500000, 0x0000000088600000|  0%| F|  |TAMS 0x0000000088500000| PB 0x0000000088500000| Untracked |  0
|  96|0x0000000088600000, 0x0000000088600000, 0x0000000088700000|  0%| F|  |TAMS 0x0000000088600000| PB 0x0000000088600000| Untracked |  0
|  97|0x0000000088700000, 0x0000000088700000, 0x0000000088800000|  0%| F|  |TAMS 0x0000000088700000| PB 0x0000000088700000| Untracked |  0
|  98|0x0000000088800000, 0x0000000088800000, 0x0000000088900000|  0%| F|  |TAMS 0x0000000088800000| PB 0x0000000088800000| Untracked |  0
|  99|0x0000000088900000, 0x0000000088900000, 0x0000000088a00000|  0%| F|  |TAMS 0x0000000088900000| PB 0x0000000088900000| Untracked |  0
| 100|0x0000000088a00000, 0x0000000088a00000, 0x0000000088b00000|  0%| F|  |TAMS 0x0000000088a00000| PB 0x0000000088a00000| Untracked |  0
| 101|0x0000000088b00000, 0x0000000088b00000, 0x0000000088c00000|  0%| F|  |TAMS 0x0000000088b00000| PB 0x0000000088b00000| Untracked |  0
| 102|0x0000000088c00000, 0x0000000088c00000, 0x0000000088d00000|  0%| F|  |TAMS 0x0000000088c00000| PB 0x0000000088c00000| Untracked |  0
| 103|0x0000000088d00000, 0x0000000088d00000, 0x0000000088e00000|  0%| F|  |TAMS 0x0000000088d00000| PB 0x0000000088d00000| Untracked |  0
| 104|0x0000000088e00000, 0x0000000088e00000, 0x0000000088f00000|  0%| F|  |TAMS 0x0000000088e00000| PB 0x0000000088e00000| Untracked |  0
| 105|0x0000000088f00000, 0x0000000088f00000, 0x0000000089000000|  0%| F|  |TAMS 0x0000000088f00000| PB 0x0000000088f00000| Untracked |  0
| 106|0x0000000089000000, 0x0000000089000000, 0x0000000089100000|  0%| F|  |TAMS 0x0000000089000000| PB 0x0000000089000000| Untracked |  0
| 107|0x0000000089100000, 0x0000000089100000, 0x0000000089200000|  0%| F|  |TAMS 0x0000000089100000| PB 0x0000000089100000| Untracked |  0
| 108|0x0000000089200000, 0x0000000089200000, 0x0000000089300000|  0%| F|  |TAMS 0x0000000089200000| PB 0x0000000089200000| Untracked |  0
| 109|0x0000000089300000, 0x0000000089300000, 0x0000000089400000|  0%| F|  |TAMS 0x0000000089300000| PB 0x0000000089300000| Untracked |  0
| 110|0x0000000089400000, 0x0000000089400000, 0x0000000089500000|  0%| F|  |TAMS 0x0000000089400000| PB 0x0000000089400000| Untracked |  0
| 111|0x0000000089500000, 0x000000008957d300, 0x0000000089600000| 48%| E|  |TAMS 0x0000000089500000| PB 0x0000000089500000| Complete |  0
| 112|0x0000000089600000, 0x0000000089700000, 0x0000000089700000|100%| E|CS|TAMS 0x0000000089600000| PB 0x0000000089600000| Complete |  0
| 113|0x0000000089700000, 0x0000000089800000, 0x0000000089800000|100%| E|CS|TAMS 0x0000000089700000| PB 0x0000000089700000| Complete |  0
| 114|0x0000000089800000, 0x0000000089900000, 0x0000000089900000|100%| E|CS|TAMS 0x0000000089800000| PB 0x0000000089800000| Complete |  0
| 115|0x0000000089900000, 0x0000000089a00000, 0x0000000089a00000|100%| E|CS|TAMS 0x0000000089900000| PB 0x0000000089900000| Complete |  0
| 116|0x0000000089a00000, 0x0000000089b00000, 0x0000000089b00000|100%| E|CS|TAMS 0x0000000089a00000| PB 0x0000000089a00000| Complete |  0
| 117|0x0000000089b00000, 0x0000000089c00000, 0x0000000089c00000|100%| E|CS|TAMS 0x0000000089b00000| PB 0x0000000089b00000| Complete |  0
| 118|0x0000000089c00000, 0x0000000089d00000, 0x0000000089d00000|100%| E|CS|TAMS 0x0000000089c00000| PB 0x0000000089c00000| Complete |  0
| 119|0x0000000089d00000, 0x0000000089e00000, 0x0000000089e00000|100%| E|  |TAMS 0x0000000089d00000| PB 0x0000000089d00000| Complete |  0
| 120|0x0000000089e00000, 0x0000000089f00000, 0x0000000089f00000|100%| E|CS|TAMS 0x0000000089e00000| PB 0x0000000089e00000| Complete |  0
| 121|0x0000000089f00000, 0x000000008a000000, 0x000000008a000000|100%| E|CS|TAMS 0x0000000089f00000| PB 0x0000000089f00000| Complete |  0
| 122|0x000000008a000000, 0x000000008a100000, 0x000000008a100000|100%| E|CS|TAMS 0x000000008a000000| PB 0x000000008a000000| Complete |  0
| 123|0x000000008a100000, 0x000000008a200000, 0x000000008a200000|100%| E|CS|TAMS 0x000000008a100000| PB 0x000000008a100000| Complete |  0
| 124|0x000000008a200000, 0x000000008a300000, 0x000000008a300000|100%| E|CS|TAMS 0x000000008a200000| PB 0x000000008a200000| Complete |  0
| 125|0x000000008a300000, 0x000000008a400000, 0x000000008a400000|100%| E|CS|TAMS 0x000000008a300000| PB 0x000000008a300000| Complete |  0

Card table byte_map: [0x000002c7fde00000,0x000002c7fe1f0000] _byte_map_base: 0x000002c7fd9ed000

Marking Bits: (CMBitMap*) 0x000002c7f4eefb90
 Bits: [0x000002c78f000000, 0x000002c790f68000)

Polling page: 0x000002c7f2ea0000

Metaspace:

Usage:
  Non-class:      4.01 MB used.
      Class:    514.66 KB used.
       Both:      4.51 MB used.

Virtual space:
  Non-class space:       64.00 MB reserved,       4.12 MB (  6%) committed,  1 nodes.
      Class space:        1.00 GB reserved,     640.00 KB ( <1%) committed,  1 nodes.
             Both:        1.06 GB reserved,       4.75 MB ( <1%) committed. 

Chunk freelists:
   Non-Class:  10.47 MB
       Class:  15.22 MB
        Both:  25.69 MB

MaxMetaspaceSize: unlimited
CompressedClassSpaceSize: 1.00 GB
Initial GC threshold: 21.00 MB
Current GC threshold: 21.00 MB
CDS: on
 - commit_granule_bytes: 65536.
 - commit_granule_words: 8192.
 - virtual_space_node_default_size: 8388608.
 - enlarge_chunks_in_place: 1.
 - use_allocation_guard: 0.


Internal statistics:

num_allocs_failed_limit: 0.
num_arena_births: 136.
num_arena_deaths: 0.
num_vsnodes_births: 2.
num_vsnodes_deaths: 0.
num_space_committed: 76.
num_space_uncommitted: 0.
num_chunks_returned_to_freelist: 0.
num_chunks_taken_from_freelist: 257.
num_chunk_merges: 0.
num_chunk_splits: 148.
num_chunks_enlarged: 71.
num_inconsistent_stats: 0.

CodeHeap 'non-profiled nmethods': size=120064Kb used=331Kb max_used=331Kb free=119732Kb
 bounds [0x000002c787ac0000, 0x000002c787d30000, 0x000002c78f000000]
CodeHeap 'profiled nmethods': size=120000Kb used=1347Kb max_used=1347Kb free=118653Kb
 bounds [0x000002c780000000, 0x000002c780270000, 0x000002c787530000]
CodeHeap 'non-nmethods': size=5696Kb used=1371Kb max_used=1387Kb free=4324Kb
 bounds [0x000002c787530000, 0x000002c7877a0000, 0x000002c787ac0000]
CodeCache: size=245760Kb, used=3049Kb, max_used=3065Kb, free=242709Kb
 total_blobs=1541, nmethods=1060, adapters=387, full_count=0
Compilation: enabled, stopped_count=0, restarted_count=0

Compilation events (20 events):
Event: 2.215 Thread 0x000002c7feca56f0 nmethod 930 0x000002c78012a488 code [0x000002c78012a880, 0x000002c78012c420]
Event: 2.216 Thread 0x000002c7feca56f0  931       3       sun.net.www.protocol.jar.Handler::indexOfBangSlash (52 bytes)
Event: 2.220 Thread 0x000002c7feca56f0 nmethod 931 0x000002c78012c508 code [0x000002c78012c700, 0x000002c78012d198]
Event: 2.221 Thread 0x000002c7feca56f0  932       3       java.lang.Thread::interrupted (7 bytes)
Event: 2.221 Thread 0x000002c7feca56f0 nmethod 932 0x000002c78012d288 code [0x000002c78012d3c0, 0x000002c78012d620]
Event: 2.221 Thread 0x000002c7feca56f0  933       3       java.lang.Thread::getAndClearInterrupt (19 bytes)
Event: 2.222 Thread 0x000002c7feca56f0 nmethod 933 0x000002c78012d688 code [0x000002c78012d7a0, 0x000002c78012d920]
Event: 2.222 Thread 0x000002c7feca56f0  934       3       java.lang.ClassLoader::preDefineClass (118 bytes)
Event: 2.225 Thread 0x000002c7feca56f0 nmethod 934 0x000002c78012d988 code [0x000002c78012dc80, 0x000002c78012eea8]
Event: 2.225 Thread 0x000002c7feca56f0  935   !   3       java.lang.ClassLoader::addClass (27 bytes)
Event: 2.226 Thread 0x000002c7feca56f0 nmethod 935 0x000002c78012ef88 code [0x000002c78012f0e0, 0x000002c78012f720]
Event: 2.226 Thread 0x000002c7feca56f0  936       3       jdk.internal.loader.ClassLoaders$AppClassLoader::defineOrCheckPackage (8 bytes)
Event: 2.227 Thread 0x000002c7feca56f0 nmethod 936 0x000002c78012f788 code [0x000002c78012f8a0, 0x000002c78012f9e0]
Event: 2.228 Thread 0x000002c7d888d580 nmethod 923 0x000002c787b0ab08 code [0x000002c787b0ac00, 0x000002c787b0ae70]
Event: 2.228 Thread 0x000002c7d888d580  921       4       java.util.zip.ZipUtils::CENCOM (9 bytes)
Event: 2.230 Thread 0x000002c7d888d580 nmethod 921 0x000002c787b0ae88 code [0x000002c787b0af80, 0x000002c787b0b068]
Event: 2.230 Thread 0x000002c7d888d580  904       4       java.lang.AbstractStringBuilder::newCapacity (59 bytes)
Event: 2.232 Thread 0x000002c7d888d580 nmethod 904 0x000002c787b0b188 code [0x000002c787b0b280, 0x000002c787b0b388]
Event: 2.232 Thread 0x000002c7d888d580  903       4       java.lang.invoke.MethodType::parameterCount (6 bytes)
Event: 2.233 Thread 0x000002c7d888d580 nmethod 903 0x000002c787b0b488 code [0x000002c787b0b580, 0x000002c787b0b610]

GC Heap History (0 events):
No events

Dll operation events (10 events):
Event: 0.056 Loaded shared library C:\Users\alien\.jdks\openjdk-23.0.1\bin\java.dll
Event: 0.129 Loaded shared library C:\Users\alien\.jdks\openjdk-23.0.1\bin\jsvml.dll
Event: 0.340 Loaded shared library C:\Users\alien\.jdks\openjdk-23.0.1\bin\zip.dll
Event: 0.346 Loaded shared library C:\Users\alien\.jdks\openjdk-23.0.1\bin\instrument.dll
Event: 0.359 Loaded shared library C:\Users\alien\.jdks\openjdk-23.0.1\bin\net.dll
Event: 0.363 Loaded shared library C:\Users\alien\.jdks\openjdk-23.0.1\bin\nio.dll
Event: 0.374 Loaded shared library C:\Users\alien\.jdks\openjdk-23.0.1\bin\zip.dll
Event: 0.724 Loaded shared library C:\Program Files\JetBrains\IntelliJ IDEA Community Edition 2024.1.4\bin\breakgen64.dll
Event: 0.760 Loaded shared library C:\Users\alien\.jdks\openjdk-23.0.1\bin\extnet.dll
Event: 0.888 Loaded shared library C:\Users\alien\.jdks\openjdk-23.0.1\bin\jimage.dll

Deoptimization events (20 events):
Event: 1.439 Thread 0x000002c7f2c55ec0 DEOPT PACKING pc=0x000002c78005460d sp=0x000000d5ce9fc680
Event: 1.439 Thread 0x000002c7f2c55ec0 DEOPT UNPACKING pc=0x000002c787584b22 sp=0x000000d5ce9fbad0 mode 0
Event: 1.877 Thread 0x000002c7feca2690 Uncommon trap: trap_request=0xffffff45 fr.pc=0x000002c787af9018 relative=0x0000000000000178
Event: 1.877 Thread 0x000002c7feca2690 Uncommon trap: reason=unstable_if action=reinterpret pc=0x000002c787af9018 method=java.util.concurrent.locks.ReentrantLock$NonfairSync.initialTryLock()Z @ 10 c2
Event: 1.877 Thread 0x000002c7feca2690 DEOPT PACKING pc=0x000002c787af9018 sp=0x000000d5cf4ff050
Event: 1.877 Thread 0x000002c7feca2690 DEOPT UNPACKING pc=0x000002c787584402 sp=0x000000d5cf4feee0 mode 2
Event: 1.877 Thread 0x000002c7feca2690 Uncommon trap: trap_request=0xffffff45 fr.pc=0x000002c787af92e8 relative=0x00000000000000c8
Event: 1.877 Thread 0x000002c7feca2690 Uncommon trap: reason=unstable_if action=reinterpret pc=0x000002c787af92e8 method=java.util.concurrent.locks.ReentrantLock$Sync.tryRelease(I)Z @ 26 c2
Event: 1.877 Thread 0x000002c7feca2690 DEOPT PACKING pc=0x000002c787af92e8 sp=0x000000d5cf4ff050
Event: 1.877 Thread 0x000002c7feca2690 DEOPT UNPACKING pc=0x000002c787584402 sp=0x000000d5cf4feed0 mode 2
Event: 1.887 Thread 0x000002c7feca2690 Uncommon trap: trap_request=0xffffff45 fr.pc=0x000002c787ae89e0 relative=0x0000000000000160
Event: 1.887 Thread 0x000002c7feca2690 Uncommon trap: reason=unstable_if action=reinterpret pc=0x000002c787ae89e0 method=java.util.concurrent.locks.ReentrantLock$NonfairSync.initialTryLock()Z @ 10 c2
Event: 1.887 Thread 0x000002c7feca2690 DEOPT PACKING pc=0x000002c787ae89e0 sp=0x000000d5cf4feff0
Event: 1.887 Thread 0x000002c7feca2690 DEOPT UNPACKING pc=0x000002c787584402 sp=0x000000d5cf4fef98 mode 2
Event: 1.888 Thread 0x000002c7feca2690 Uncommon trap: trap_request=0xffffff45 fr.pc=0x000002c787ae8648 relative=0x00000000000000c8
Event: 1.888 Thread 0x000002c7feca2690 Uncommon trap: reason=unstable_if action=reinterpret pc=0x000002c787ae8648 method=java.util.concurrent.locks.ReentrantLock$Sync.tryRelease(I)Z @ 26 c2
Event: 1.888 Thread 0x000002c7feca2690 DEOPT PACKING pc=0x000002c787ae8648 sp=0x000000d5cf4feff0
Event: 1.888 Thread 0x000002c7feca2690 DEOPT UNPACKING pc=0x000002c787584402 sp=0x000000d5cf4fef90 mode 2
Event: 2.186 Thread 0x000002c7f2c55ec0 DEOPT PACKING pc=0x000002c78004d63f sp=0x000000d5ce9fcde0
Event: 2.186 Thread 0x000002c7f2c55ec0 DEOPT UNPACKING pc=0x000002c787584b22 sp=0x000000d5ce9fc258 mode 0

Classes loaded (20 events):
Event: 2.231 Loading class sun/reflect/generics/tree/ClassTypeSignature done
Event: 2.231 Loading class sun/reflect/generics/scope/ClassScope
Event: 2.232 Loading class sun/reflect/generics/scope/Scope
Event: 2.232 Loading class sun/reflect/generics/scope/Scope done
Event: 2.232 Loading class sun/reflect/generics/scope/AbstractScope
Event: 2.232 Loading class sun/reflect/generics/scope/AbstractScope done
Event: 2.232 Loading class sun/reflect/generics/scope/ClassScope done
Event: 2.232 Loading class sun/reflect/generics/factory/CoreReflectionFactory
Event: 2.233 Loading class sun/reflect/generics/factory/GenericsFactory
Event: 2.233 Loading class sun/reflect/generics/factory/GenericsFactory done
Event: 2.233 Loading class sun/reflect/generics/factory/CoreReflectionFactory done
Event: 2.233 Loading class sun/reflect/generics/visitor/Reifier
Event: 2.233 Loading class sun/reflect/generics/visitor/TypeTreeVisitor
Event: 2.234 Loading class sun/reflect/generics/visitor/TypeTreeVisitor done
Event: 2.234 Loading class sun/reflect/generics/visitor/Reifier done
Event: 2.234 Loading class java/lang/FunctionalInterface
Event: 2.234 Loading class java/lang/FunctionalInterface done
Event: 2.234 Loading class java/lang/reflect/GenericArrayType
Event: 2.234 Loading class java/lang/reflect/GenericArrayType done
Event: 2.234 Loading class sun/reflect/annotation/AnnotationType

Classes unloaded (0 events):
No events

Classes redefined (0 events):
No events

Internal exceptions (9 events):
Event: 0.713 Thread 0x000002c7f2c55ec0 Exception <a 'java/lang/NoSuchMethodError'{0x0000000089f8ed40}: 'java.lang.Object java.lang.invoke.Invokers$Holder.invokeExact_MT(java.lang.Object, java.lang.Object, java.lang.Object, java.lang.Object, java.lang.Object)'> (0x0000000089f8ed40) 
thrown [s\open\src\hotspot\share\interpreter\linkResolver.cpp, line 796]
Event: 0.764 Thread 0x000002c7d83deca0 Exception <a 'java/lang/NoSuchMethodError'{0x0000000089e02838}: 'void java.lang.invoke.DirectMethodHandle$Holder.invokeStatic(java.lang.Object, java.lang.Object)'> (0x0000000089e02838) 
thrown [s\open\src\hotspot\share\interpreter\linkResolver.cpp, line 796]
Event: 1.142 Thread 0x000002c7f2c55ec0 Exception <a 'java/lang/ClassNotFoundException'{0x0000000089c27ea8}: javax/smartcardio/CardPermission> (0x0000000089c27ea8) 
thrown [s\open\src\hotspot\share\classfile\systemDictionary.cpp, line 313]
Event: 1.173 Thread 0x000002c7f2c55ec0 Exception <a 'java/io/FileNotFoundException'{0x0000000089c35dc0}> (0x0000000089c35dc0) 
thrown [s\open\src\hotspot\share\prims\jni.cpp, line 520]
Event: 1.338 Thread 0x000002c7f2c55ec0 Exception <a 'java/lang/NoSuchMethodError'{0x0000000089cc3568}: 'java.lang.Object java.lang.invoke.DirectMethodHandle$Holder.invokeSpecial(java.lang.Object, java.lang.Object, java.lang.Object, long, java.lang.Object)'> (0x0000000089cc3568) 
thrown [s\open\src\hotspot\share\interpreter\linkResolver.cpp, line 796]
Event: 1.339 Thread 0x000002c7f2c55ec0 Exception <a 'java/lang/NoSuchMethodError'{0x0000000089cc6ee0}: 'java.lang.Object java.lang.invoke.Invokers$Holder.linkToTargetMethod(java.lang.Object, long, java.lang.Object, java.lang.Object)'> (0x0000000089cc6ee0) 
thrown [s\open\src\hotspot\share\interpreter\linkResolver.cpp, line 796]
Event: 1.828 Thread 0x000002c7f2c55ec0 Exception <a 'java/lang/NoSuchMethodError'{0x0000000089ae9128}: 'void java.lang.invoke.DirectMethodHandle$Holder.invokeStatic(java.lang.Object, java.lang.Object, java.lang.Object, java.lang.Object)'> (0x0000000089ae9128) 
thrown [s\open\src\hotspot\share\interpreter\linkResolver.cpp, line 796]
Event: 2.059 Thread 0x000002c7f2c55ec0 Exception <a 'java/lang/NoSuchMethodError'{0x000000008987ae00}: 'int java.lang.invoke.DirectMethodHandle$Holder.invokeStaticInit(java.lang.Object, java.lang.Object)'> (0x000000008987ae00) 
thrown [s\open\src\hotspot\share\interpreter\linkResolver.cpp, line 796]
Event: 2.150 Thread 0x000002c7f2c55ec0 Exception <a 'java/lang/NoSuchMethodError'{0x00000000898bb558}: 'void java.lang.invoke.DirectMethodHandle$Holder.invokeInterface(java.lang.Object, java.lang.Object, java.lang.Object, java.lang.Object)'> (0x00000000898bb558) 
thrown [s\open\src\hotspot\share\interpreter\linkResolver.cpp, line 796]

VM Operations (4 events):
Event: 0.290 Executing VM operation: HandshakeAllThreads (Deoptimize)
Event: 0.290 Executing VM operation: HandshakeAllThreads (Deoptimize) done
Event: 0.899 Executing VM operation: HandshakeAllThreads (Deoptimize)
Event: 0.900 Executing VM operation: HandshakeAllThreads (Deoptimize) done

Memory protections (0 events):
No events

Nmethod flushes (0 events):
No events

Events (17 events):
Event: 0.088 Thread 0x000002c7f2c55ec0 Thread added: 0x000002c7f2c55ec0
Event: 0.117 Thread 0x000002c7f2c55ec0 Thread added: 0x000002c7fec9ab10
Event: 0.117 Thread 0x000002c7f2c55ec0 Thread added: 0x000002c7fec9dbf0
Event: 0.118 Thread 0x000002c7f2c55ec0 Thread added: 0x000002c7feca1a80
Event: 0.118 Thread 0x000002c7f2c55ec0 Thread added: 0x000002c7feca2690
Event: 0.118 Thread 0x000002c7f2c55ec0 Thread added: 0x000002c7feca30f0
Event: 0.118 Thread 0x000002c7f2c55ec0 Thread added: 0x000002c7feca3b50
Event: 0.118 Thread 0x000002c7f2c55ec0 Thread added: 0x000002c7feca4a90
Event: 0.119 Thread 0x000002c7f2c55ec0 Thread added: 0x000002c7feca56f0
Event: 0.258 Thread 0x000002c7f2c55ec0 Thread added: 0x000002c7fec6bfc0
Event: 0.726 Thread 0x000002c7f2c55ec0 Thread added: 0x000002c7d83deca0
Event: 0.726 Thread 0x000002c7f2c55ec0 Thread added: 0x000002c7d83df310
Event: 1.114 Thread 0x000002c7feca56f0 Thread added: 0x000002c7d84838f0
Event: 1.362 Thread 0x000002c7d84838f0 Thread exited: 0x000002c7d84838f0
Event: 1.453 Thread 0x000002c7feca56f0 Thread added: 0x000002c7d849bac0
Event: 1.707 Thread 0x000002c7d849bac0 Thread exited: 0x000002c7d849bac0
Event: 2.196 Thread 0x000002c7feca56f0 Thread added: 0x000002c7d888d580


Dynamic libraries:
0x00007ff6f4f70000 - 0x00007ff6f4f7e000 	C:\Users\alien\.jdks\openjdk-23.0.1\bin\java.exe
0x00007ffe0cff0000 - 0x00007ffe0d1e8000 	C:\WINDOWS\SYSTEM32\ntdll.dll
0x00007ffe0bf60000 - 0x00007ffe0c022000 	C:\WINDOWS\System32\KERNEL32.DLL
0x00007ffe0a860000 - 0x00007ffe0ab5e000 	C:\WINDOWS\System32\KERNELBASE.dll
0x00007ffe0af10000 - 0x00007ffe0b010000 	C:\WINDOWS\System32\ucrtbase.dll
0x00007ffdfe8a0000 - 0x00007ffdfe8b7000 	C:\Users\alien\.jdks\openjdk-23.0.1\bin\jli.dll
0x00007ffe0c700000 - 0x00007ffe0c89d000 	C:\WINDOWS\System32\USER32.dll
0x00007ffdd5a00000 - 0x00007ffdd5a1b000 	C:\Users\alien\.jdks\openjdk-23.0.1\bin\VCRUNTIME140.dll
0x00007ffdf30f0000 - 0x00007ffdf338a000 	C:\WINDOWS\WinSxS\amd64_microsoft.windows.common-controls_6595b64144ccf1df_6.0.19041.4355_none_60b8b9eb71f62e16\COMCTL32.dll
0x00007ffe0bc60000 - 0x00007ffe0bcfe000 	C:\WINDOWS\System32\msvcrt.dll
0x00007ffe0a800000 - 0x00007ffe0a822000 	C:\WINDOWS\System32\win32u.dll
0x00007ffe0be10000 - 0x00007ffe0be3b000 	C:\WINDOWS\System32\GDI32.dll
0x00007ffe0a6e0000 - 0x00007ffe0a7f7000 	C:\WINDOWS\System32\gdi32full.dll
0x00007ffe0ae70000 - 0x00007ffe0af0d000 	C:\WINDOWS\System32\msvcp_win.dll
0x00007ffe0bd00000 - 0x00007ffe0bd2f000 	C:\WINDOWS\System32\IMM32.DLL
0x00007ffe081c0000 - 0x00007ffe081cc000 	C:\Users\alien\.jdks\openjdk-23.0.1\bin\vcruntime140_1.dll
0x00007ffdcaca0000 - 0x00007ffdcad2e000 	C:\Users\alien\.jdks\openjdk-23.0.1\bin\msvcp140.dll
0x00007ffda7d40000 - 0x00007ffda8a8f000 	C:\Users\alien\.jdks\openjdk-23.0.1\bin\server\jvm.dll
0x00007ffe0c8a0000 - 0x00007ffe0c951000 	C:\WINDOWS\System32\ADVAPI32.dll
0x00007ffe0c960000 - 0x00007ffe0c9ff000 	C:\WINDOWS\System32\sechost.dll
0x00007ffe0b010000 - 0x00007ffe0b133000 	C:\WINDOWS\System32\RPCRT4.dll
0x00007ffe0a830000 - 0x00007ffe0a857000 	C:\WINDOWS\System32\bcrypt.dll
0x00007ffe0bef0000 - 0x00007ffe0bf5b000 	C:\WINDOWS\System32\WS2_32.dll
0x00007ffe09c00000 - 0x00007ffe09c4b000 	C:\WINDOWS\SYSTEM32\POWRPROF.dll
0x00007ffdef840000 - 0x00007ffdef867000 	C:\WINDOWS\SYSTEM32\WINMM.dll
0x00007ffe044d0000 - 0x00007ffe044da000 	C:\WINDOWS\SYSTEM32\VERSION.dll
0x00007ffe09a70000 - 0x00007ffe09a82000 	C:\WINDOWS\SYSTEM32\UMPDC.dll
0x00007ffe08e70000 - 0x00007ffe08e82000 	C:\WINDOWS\SYSTEM32\kernel.appcore.dll
0x00007ffdffea0000 - 0x00007ffdffeaa000 	C:\Users\alien\.jdks\openjdk-23.0.1\bin\jimage.dll
0x00007ffe073c0000 - 0x00007ffe075a4000 	C:\WINDOWS\SYSTEM32\DBGHELP.DLL
0x00007ffdeef30000 - 0x00007ffdeef64000 	C:\WINDOWS\SYSTEM32\dbgcore.DLL
0x00007ffe0ac10000 - 0x00007ffe0ac92000 	C:\WINDOWS\System32\bcryptPrimitives.dll
0x00007ffdebd60000 - 0x00007ffdebd6f000 	C:\Users\alien\.jdks\openjdk-23.0.1\bin\instrument.dll
0x00007ffdd58c0000 - 0x00007ffdd58de000 	C:\Users\alien\.jdks\openjdk-23.0.1\bin\java.dll
0x00007ffe0c030000 - 0x00007ffe0c15b000 	C:\WINDOWS\System32\ole32.dll
0x00007ffe0c1e0000 - 0x00007ffe0c533000 	C:\WINDOWS\System32\combase.dll
0x00007ffe0b140000 - 0x00007ffe0b8ad000 	C:\WINDOWS\System32\SHELL32.dll
0x00007ffe084c0000 - 0x00007ffe08c64000 	C:\WINDOWS\SYSTEM32\windows.storage.dll
0x00007ffe0a0c0000 - 0x00007ffe0a0ee000 	C:\WINDOWS\SYSTEM32\Wldp.dll
0x00007ffe0c5a0000 - 0x00007ffe0c66d000 	C:\WINDOWS\System32\OLEAUT32.dll
0x00007ffe0bba0000 - 0x00007ffe0bc4d000 	C:\WINDOWS\System32\SHCORE.dll
0x00007ffe0c540000 - 0x00007ffe0c595000 	C:\WINDOWS\System32\shlwapi.dll
0x00007ffe0a5c0000 - 0x00007ffe0a5e4000 	C:\WINDOWS\SYSTEM32\profapi.dll
0x00007ffdc53c0000 - 0x00007ffdc5497000 	C:\Users\alien\.jdks\openjdk-23.0.1\bin\jsvml.dll
0x00007ffdd2ee0000 - 0x00007ffdd2ef7000 	C:\Users\alien\.jdks\openjdk-23.0.1\bin\zip.dll
0x00007ffdfbdd0000 - 0x00007ffdfbde0000 	C:\Users\alien\.jdks\openjdk-23.0.1\bin\net.dll
0x00007ffe09e20000 - 0x00007ffe09e8a000 	C:\WINDOWS\system32\mswsock.dll
0x00007ffdd33d0000 - 0x00007ffdd33e6000 	C:\Users\alien\.jdks\openjdk-23.0.1\bin\nio.dll
0x00007ffdd2e50000 - 0x00007ffdd2e6a000 	C:\Program Files\JetBrains\IntelliJ IDEA Community Edition 2024.1.4\bin\breakgen64.dll
0x00007ffdfd8e0000 - 0x00007ffdfd8e9000 	C:\Users\alien\.jdks\openjdk-23.0.1\bin\extnet.dll

dbghelp: loaded successfully - version: 4.0.5 - missing functions: none
symbol engine: initialized successfully - sym options: 0x614 - pdb path: .;C:\Users\alien\.jdks\openjdk-23.0.1\bin;C:\WINDOWS\SYSTEM32;C:\WINDOWS\WinSxS\amd64_microsoft.windows.common-controls_6595b64144ccf1df_6.0.19041.4355_none_60b8b9eb71f62e16;C:\Users\alien\.jdks\openjdk-23.0.1\bin\server;C:\Program Files\JetBrains\IntelliJ IDEA Community Edition 2024.1.4\bin

VM Arguments:
jvm_args: -javaagent:C:\Program Files\JetBrains\IntelliJ IDEA Community Edition 2024.1.4\lib\idea_rt.jar=53472:C:\Program Files\JetBrains\IntelliJ IDEA Community Edition 2024.1.4\bin -Dfile.encoding=UTF-8 -Dsun.stdout.encoding=UTF-8 -Dsun.stderr.encoding=UTF-8 
java_command: cat.itacademy.s04.t01.n01.S04T01N01Application
java_class_path (initial): C:\Users\alien\Desktop\DEV\IT_ACADEMY_JAVA\Sprint_4_Spring_Framework\S04T01N01\target\classes;C:\Users\alien\.m2\repository\org\springframework\boot\spring-boot-starter-web\3.4.0\spring-boot-starter-web-3.4.0.jar;C:\Users\alien\.m2\repository\org\springframework\boot\spring-boot-starter\3.4.0\spring-boot-starter-3.4.0.jar;C:\Users\alien\.m2\repository\org\springframework\boot\spring-boot-starter-logging\3.4.0\spring-boot-starter-logging-3.4.0.jar;C:\Users\alien\.m2\repository\ch\qos\logback\logback-classic\1.5.12\logback-classic-1.5.12.jar;C:\Users\alien\.m2\repository\ch\qos\logback\logback-core\1.5.12\logback-core-1.5.12.jar;C:\Users\alien\.m2\repository\org\apache\logging\log4j\log4j-to-slf4j\2.24.1\log4j-to-slf4j-2.24.1.jar;C:\Users\alien\.m2\repository\org\apache\logging\log4j\log4j-api\2.24.1\log4j-api-2.24.1.jar;C:\Users\alien\.m2\repository\org\slf4j\jul-to-slf4j\2.0.16\jul-to-slf4j-2.0.16.jar;C:\Users\alien\.m2\repository\jakarta\annotation\jakarta.annotation-api\2.1.1\jakarta.annotation-api-2.1.1.jar;C:\Users\alien\.m2\repository\org\yaml\snakeyaml\2.3\snakeyaml-2.3.jar;C:\Users\alien\.m2\repository\org\springframework\boot\spring-boot-starter-json\3.4.0\spring-boot-starter-json-3.4.0.jar;C:\Users\alien\.m2\repository\com\fasterxml\jackson\core\jackson-databind\2.18.1\jackson-databind-2.18.1.jar;C:\Users\alien\.m2\repository\com\fasterxml\jackson\core\jackson-annotations\2.18.1\jackson-annotations-2.18.1.jar;C:\Users\alien\.m2\repository\com\fasterxml\jackson\core\jackson-core\2.18.1\jackson-core-2.18.1.jar;C:\Users\alien\.m2\repository\com\fasterxml\jackson\datatype\jackson-datatype-jdk8\2.18.1\jackson-datatype-jdk8-2.18.1.jar;C:\Users\alien\.m2\repository\com\fasterxml\jackson\datatype\jackson-datatype-jsr310\2.18.1\jackson-datatype-jsr310-2.18.1.jar;C:\Users\alien\.m2\repository\com\fasterxml\jackson\module\jackson-module-parameter-names\2.18.1\jackson-module-parameter-names-2.18.1.jar;C:\Users\alien\.m2\repository\org\springframework\boot\spring-boot-starter-tomcat\3.4.0\spring-boot-starter-tomcat-3.4.0.jar;C:\Users\alien\.m2\repository\org\apache\tomcat\embed\tomcat-embed-core\10.1.33\tomcat-embed-core-10.1.33.jar;C:\Users\alien\.m2\repository\org\apache\tomcat\embed\tomcat-embed-el\10.1.33\tomcat-embed-el-10.1.33.jar;C:\Users\alien\.m2\repository\org\apache\tomcat\embed\tomcat-embed-websocket\10.1.33\tomcat-embed-websocket-10.1.33.jar;C:\Users\alien\.m2\repository\org\springframework\spring-web\6.2.0\spring-web-6.2.0.jar;C:\Users\alien\.m2\repository\org\springframework\spring-beans\6.2.0\spring-beans-6.2.0.jar;C:\Users\alien\.m2\repository\io\micrometer\micrometer-observation\1.14.1\micrometer-observation-1.14.1.jar;C:\Users\alien\.m2\repository\io\micrometer\micrometer-commons\1.14.1\micrometer-commons-1.14.1.jar;C:\Users\alien\.m2\repository\org\springframework\spring-webmvc\6.2.0\spring-webmvc-6.2.0.jar;C:\Users\alien\.m2\repository\org\springframework\spring-aop\6.2.0\spring-aop-6.2.0.jar;C:\Users\alien\.m2\repository\org\springframework\spring-context\6.2.0\spring-context-6.2.0.jar;C:\Users\alien\.m2\repository\org\springframework\spring-expression\6.2.0\spring-expression-6.2.0.jar;C:\Users\alien\.m2\repository\org\springframework\boot\spring-boot-devtools\3.4.0\spring-boot-devtools-3.4.0.jar;C:\Users\alien\.m2\repository\org\springframework\boot\spring-boot\3.4.0\spring-boot-3.4.0.jar;C:\Users\alien\.m2\repository\org\springframework\boot\spring-boot-autoconfigure\3.4.0\spring-boot-autoconfigure-3.4.0.jar;C:\Users\alien\.m2\repository\org\slf4j\slf4j-api\2.0.16\slf4j-api-2.0.16.jar;C:\Users\alien\.m2\repository\org\springframework\spring-core\6.2.0\spring-core-6.2.0.jar;C:\Users\alien\.m2\repository\org\springframework\spring-jcl\6.2.0\spring-jcl-6.2.0.jar
Launcher Type: SUN_STANDARD

[Global flags]
     intx CICompilerCount                          = 4                                         {product} {ergonomic}
     uint ConcGCThreads                            = 2                                         {product} {ergonomic}
     uint G1ConcRefinementThreads                  = 8                                         {product} {ergonomic}
   size_t G1HeapRegionSize                         = 1048576                                   {product} {ergonomic}
   size_t InitialHeapSize                          = 132120576                                 {product} {ergonomic}
   size_t MarkStackSize                            = 4194304                                   {product} {ergonomic}
   size_t MarkStackSizeMax                         = 536870912                                 {product} {ergonomic}
   size_t MaxHeapSize                              = 2107637760                                {product} {ergonomic}
   size_t MaxNewSize                               = 1264582656                                {product} {ergonomic}
   size_t MinHeapDeltaBytes                        = 1048576                                   {product} {ergonomic}
   size_t MinHeapSize                              = 8388608                                   {product} {ergonomic}
    uintx NonNMethodCodeHeapSize                   = 5832704                                {pd product} {ergonomic}
    uintx NonProfiledCodeHeapSize                  = 122945536                              {pd product} {ergonomic}
    uintx ProfiledCodeHeapSize                     = 122880000                              {pd product} {ergonomic}
    uintx ReservedCodeCacheSize                    = 251658240                              {pd product} {ergonomic}
     bool SegmentedCodeCache                       = true                                      {product} {ergonomic}
   size_t SoftMaxHeapSize                          = 2107637760                             {manageable} {ergonomic}
     bool UseCompressedOops                        = true                           {product lp64_product} {ergonomic}
     bool UseG1GC                                  = true                                      {product} {ergonomic}
     bool UseLargePagesIndividualAllocation        = false                                  {pd product} {ergonomic}

Logging:
Log output configuration:
 #0: stdout all=warning uptime,level,tags foldmultilines=false
 #1: stderr all=off uptime,level,tags foldmultilines=false

Environment Variables:
PATH=C:\Program Files\Common Files\Oracle\Java\javapath;C:\Program Files\Haskell\bin;C:\Program Files\Haskell Platform\8.6.5\lib\extralibs\bin;C:\Program Files\Haskell Platform\8.6.5\bin;C:\Program Files (x86)\Intel\iCLS Client\;C:\ProgramData\Oracle\Java\javapath;C:\Program Files\Intel\iCLS Client\;C:\WINDOWS\system32;C:\WINDOWS;C:\WINDOWS\System32\Wbem;C:\WINDOWS\System32\WindowsPowerShell\v1.0\;C:\MinGW\bin;C:\Program Files (x86)\Intel\Intel(R) Management Engine Components\DAL;C:\Program Files\Intel\Intel(R) Management Engine Components\DAL;C:\Program Files (x86)\Intel\Intel(R) Management Engine Components\IPT;C:\Program Files\Intel\Intel(R) Management Engine Components\IPT;C:\WINDOWS\System32\OpenSSH\;C:\Program Files\PuTTY\;C:\Program Files\Haskell Platform\8.6.5\mingw\bin;C:\Program Files\Git\cmd;C:\Program Files (x86)\Bitvise SSH Client;C:\Users\alien\apache-maven-3.8.4-bin\apache-maven-3.8.4\bin;C:\Program Files\Docker\Docker\resources\bin;C:\ProgramData\DockerDesktop\version-bin;C:\Program Files\Calibre2\;C:\Program Files\nodejs\;C:\Program Files\MongoDB\Server\8.0\data;C:\Users\alien\AppData\Roaming\cabal\bin;C:\Users\alien\AppData\Roaming\local\bin;C:\Users\alien\AppData\Local\Programs\Python\Python38-32\Scripts\;C:\Users\alien\AppData\Local\Programs\Python\Python38-32\;C:\Users\alien\AppData\Local\Microsoft\WindowsApps;C:\Users\alien\AppData\Local\atom\bin;C:\Users\alien\AppData\Local\Programs\Microsoft VS Code\bin;C:\Users\alien\AppData\Local\GitHubDesktop\bin;C:\Program Files\Java\jdk-9.0.4\bin;C:\Users\alien\AppData\Local\Microsoft\WindowsApps;C:\Users\alien\AppData\Roaming\npm;C:\Program Files\MongoDB\Server\8.0\data;
USERNAME=alien
OS=Windows_NT
PROCESSOR_IDENTIFIER=Intel64 Family 6 Model 142 Stepping 10, GenuineIntel
TMP=C:\Users\alien\AppData\Local\Temp
TEMP=C:\Users\alien\AppData\Local\Temp




Periodic native trim disabled

---------------  S Y S T E M  ---------------

OS:
 Windows 10 , 64 bit Build 19041 (10.0.19041.5072)
OS uptime: 8 days 14:46 hours
Hyper-V role detected

CPU: total 8 (initial active 8) (4 cores per cpu, 2 threads per core) family 6 model 142 stepping 10 microcode 0xb4, cx8, cmov, fxsr, ht, mmx, 3dnowpref, sse, sse2, sse3, ssse3, sse4.1, sse4.2, popcnt, lzcnt, tsc, tscinvbit, avx, avx2, aes, erms, clmul, bmi1, bmi2, adx, fma, vzeroupper, clflush, clflushopt, hv, rdtscp, f16c
Processor Information for processor 0
  Max Mhz: 1992, Current Mhz: 1792, Mhz Limit: 1792
Processor Information for processor 1
  Max Mhz: 1992, Current Mhz: 1792, Mhz Limit: 1792
Processor Information for processor 2
  Max Mhz: 1992, Current Mhz: 1792, Mhz Limit: 1792
Processor Information for processor 3
  Max Mhz: 1992, Current Mhz: 1494, Mhz Limit: 1792
Processor Information for processor 4
  Max Mhz: 1992, Current Mhz: 1792, Mhz Limit: 1792
Processor Information for processor 5
  Max Mhz: 1992, Current Mhz: 1494, Mhz Limit: 1792
Processor Information for processor 6
  Max Mhz: 1992, Current Mhz: 1494, Mhz Limit: 1792
Processor Information for processor 7
  Max Mhz: 1992, Current Mhz: 1792, Mhz Limit: 1792

Memory: 4k page, system-wide physical 8033M (513M free)
TotalPageFile size 32609M (AvailPageFile size 0M)
current process WorkingSet (physical memory assigned to process): 67M, peak: 67M
current process commit charge ("private bytes"): 224M, peak: 224M

vm_info: OpenJDK 64-Bit Server VM (23.0.1+11-39) for windows-amd64 JRE (23.0.1+11-39), built on 2024-09-30T07:20:43Z with MS VC++ 17.6 (VS2022)

END.
